<?xml version="1.0" encoding="UTF-8"?>
<!-- Generated by org.testng.reporters.JUnitReportReporter -->
<testsuite skipped="0" hostname="Atul-Sharma" name="Test.Login.LoginTest" tests="1" failures="0" timestamp="28 Sep 2017 06:09:06 GMT" time="0.012" errors="0">
  <testcase name="test1" time="0.012" classname="Test.Login.LoginTest"/>
</testsuite> <!-- Test.Login.LoginTest -->
